#
# There is insufficient memory for the Java Runtime Environment to continue.
# Native memory allocation (mmap) failed to map 125829120 bytes for G1 virtual space
# Possible reasons:
#   The system is out of physical RAM or swap space
#   The process is running with CompressedOops enabled, and the Java Heap may be blocking the growth of the native heap
# Possible solutions:
#   Reduce memory load on the system
#   Increase physical memory or swap space
#   Check if swap backing store is full
#   Decrease Java heap size (-Xmx/-Xms)
#   Decrease number of Java threads
#   Decrease Java thread stack sizes (-Xss)
#   Set larger code cache with -XX:ReservedCodeCacheSize=
#   JVM is running with Unscaled Compressed Oops mode in which the Java heap is
#     placed in the first 4GB address space. The Java Heap base address is the
#     maximum limit for the native heap growth. Please use -XX:HeapBaseMinAddress
#     to set the Java Heap base and to place the Java Heap above 4GB virtual address.
# This output file may be truncated or incomplete.
#
#  Out of Memory Error (os_windows.cpp:3532), pid=8572, tid=14480
#
# JRE version:  (17.0.2+8) (build )
# Java VM: OpenJDK 64-Bit Server VM (17.0.2+8-86, mixed mode, sharing, tiered, compressed oops, compressed class ptrs, g1 gc, windows-amd64)
# No core dump will be written. Minidumps are not enabled by default on client versions of Windows
#

---------------  S U M M A R Y ------------

Command Line: -javaagent:C:\Program Files\JetBrains\IntelliJ IDEA Community Edition 2021.3.2\lib\idea_rt.jar=51580:C:\Program Files\JetBrains\IntelliJ IDEA Community Edition 2021.3.2\bin -Dfile.encoding=UTF-8 Main

Host: AMD Ryzen 3 3200U with Radeon Vega Mobile Gfx  , 4 cores, 7G,  Windows 10 , 64 bit Build 19041 (10.0.19041.1706)
Time: Mon May 16 00:57:17 2022  Windows 10 , 64 bit Build 19041 (10.0.19041.1706) elapsed time: 0.033471 seconds (0d 0h 0m 0s)

---------------  T H R E A D  ---------------

Current thread (0x0000027db60fa440):  JavaThread "Unknown thread" [_thread_in_vm, id=14480, stack(0x0000008308200000,0x0000008308300000)]

Stack: [0x0000008308200000,0x0000008308300000]
Native frames: (J=compiled Java code, j=interpreted, Vv=VM code, C=native code)
V  [jvm.dll+0x670baa]
V  [jvm.dll+0x7cfcb4]
V  [jvm.dll+0x7d145e]
V  [jvm.dll+0x7d1ac3]
V  [jvm.dll+0x242bc5]
V  [jvm.dll+0x66dac9]
V  [jvm.dll+0x662412]
V  [jvm.dll+0x300c0b]
V  [jvm.dll+0x3081a6]
V  [jvm.dll+0x357d0e]
V  [jvm.dll+0x357f3f]
V  [jvm.dll+0x2d7ec8]
V  [jvm.dll+0x2d8e34]
V  [jvm.dll+0x7a18c1]
V  [jvm.dll+0x365a91]
V  [jvm.dll+0x780d2c]
V  [jvm.dll+0x3e845f]
V  [jvm.dll+0x3e9f01]
C  [jli.dll+0x527b]
C  [ucrtbase.dll+0x21bb2]
C  [KERNEL32.DLL+0x17034]
C  [ntdll.dll+0x52651]


---------------  P R O C E S S  ---------------

Threads class SMR info:
_java_thread_list=0x00007ffe68cb9858, length=0, elements={
}

Java Threads: ( => current thread )

Other Threads:
  0x0000027db6136d50 GCTaskThread "GC Thread#0" [stack: 0x0000008308300000,0x0000008308400000] [id=15084]
  0x0000027db6146ad0 ConcurrentGCThread "G1 Main Marker" [stack: 0x0000008308400000,0x0000008308500000] [id=5100]
  0x0000027db61474e0 ConcurrentGCThread "G1 Conc#0" [stack: 0x0000008308500000,0x0000008308600000] [id=11724]

[error occurred during error reporting (printing all threads), id 0xc0000005, EXCEPTION_ACCESS_VIOLATION (0xc0000005) at pc=0x00007ffe685088a7]

VM state: not at safepoint (not fully initialized)

VM Mutex/Monitor currently owned by a thread:  ([mutex/lock_event])
[0x0000027db60f6e50] Heap_lock - owner thread: 0x0000027db60fa440

Heap address: 0x0000000088e00000, size: 1906 MB, Compressed Oops mode: 32-bit

CDS archive(s) mapped at: [0x0000000000000000-0x0000000000000000-0x0000000000000000), size 0, SharedBaseAddress: 0x0000000800000000, ArchiveRelocationMode: 0.
Narrow klass base: 0x0000000000000000, Narrow klass shift: 0, Narrow klass range: 0x0

GC Precious Log:
<Empty>

Heap:
 garbage-first heap   total 0K, used 0K [0x0000000088e00000, 0x0000000100000000)
  region size 1024K, 0 young (0K), 0 survivors (0K)

[error occurred during error reporting (printing heap information), id 0xc0000005, EXCEPTION_ACCESS_VIOLATION (0xc0000005) at pc=0x00007ffe688e9f19]

GC Heap History (0 events):
No events

Deoptimization events (0 events):
No events

Classes unloaded (0 events):
No events

Classes redefined (0 events):
No events

Internal exceptions (0 events):
No events

VM Operations (0 events):
No events

Events (1 events):
Event: 0.022 Loaded shared library C:\Users\Aleka\.jdks\openjdk-17.0.2\bin\java.dll


Dynamic libraries:
0x00007ff7b3ae0000 - 0x00007ff7b3aee000 	C:\Users\Aleka\.jdks\openjdk-17.0.2\bin\java.exe
0x00007ffea4b70000 - 0x00007ffea4d65000 	C:\WINDOWS\SYSTEM32\ntdll.dll
0x00007ffea3ca0000 - 0x00007ffea3d5d000 	C:\WINDOWS\System32\KERNEL32.DLL
0x00007ffea24c0000 - 0x00007ffea278d000 	C:\WINDOWS\System32\KERNELBASE.dll
0x00007ffea2a20000 - 0x00007ffea2b20000 	C:\WINDOWS\System32\ucrtbase.dll
0x00007ffe8df40000 - 0x00007ffe8df58000 	C:\Users\Aleka\.jdks\openjdk-17.0.2\bin\jli.dll
0x00007ffea4190000 - 0x00007ffea4330000 	C:\WINDOWS\System32\USER32.dll
0x00007ffea2280000 - 0x00007ffea22a2000 	C:\WINDOWS\System32\win32u.dll
0x00007ffea3d60000 - 0x00007ffea3d8a000 	C:\WINDOWS\System32\GDI32.dll
0x00007ffea2320000 - 0x00007ffea242b000 	C:\WINDOWS\System32\gdi32full.dll
0x00007ffea2b20000 - 0x00007ffea2bbd000 	C:\WINDOWS\System32\msvcp_win.dll
0x00007ffe83fd0000 - 0x00007ffe8426a000 	C:\WINDOWS\WinSxS\amd64_microsoft.windows.common-controls_6595b64144ccf1df_6.0.19041.1110_none_60b5254171f9507e\COMCTL32.dll
0x00007ffea3f70000 - 0x00007ffea400e000 	C:\WINDOWS\System32\msvcrt.dll
0x00007ffe8dd80000 - 0x00007ffe8dd9a000 	C:\Users\Aleka\.jdks\openjdk-17.0.2\bin\VCRUNTIME140.dll
0x00007ffea3e30000 - 0x00007ffea3e60000 	C:\WINDOWS\System32\IMM32.DLL
0x00007ffe9de10000 - 0x00007ffe9de1c000 	C:\Users\Aleka\.jdks\openjdk-17.0.2\bin\vcruntime140_1.dll
0x00007ffe8ce90000 - 0x00007ffe8cf1d000 	C:\Users\Aleka\.jdks\openjdk-17.0.2\bin\msvcp140.dll
0x00007ffe68220000 - 0x00007ffe68de1000 	C:\Users\Aleka\.jdks\openjdk-17.0.2\bin\server\jvm.dll
0x00007ffea2bd0000 - 0x00007ffea2c7e000 	C:\WINDOWS\System32\ADVAPI32.dll
0x00007ffea3d90000 - 0x00007ffea3e2c000 	C:\WINDOWS\System32\sechost.dll
0x00007ffea2c80000 - 0x00007ffea2da5000 	C:\WINDOWS\System32\RPCRT4.dll
0x00007ffea4a70000 - 0x00007ffea4a78000 	C:\WINDOWS\System32\PSAPI.DLL
0x00007ffe99200000 - 0x00007ffe99227000 	C:\WINDOWS\SYSTEM32\WINMM.dll
0x00007ffe99160000 - 0x00007ffe9916a000 	C:\WINDOWS\SYSTEM32\VERSION.dll
0x00007ffe7a6e0000 - 0x00007ffe7a6e9000 	C:\WINDOWS\SYSTEM32\WSOCK32.dll
0x00007ffea40c0000 - 0x00007ffea412b000 	C:\WINDOWS\System32\WS2_32.dll
0x00007ffea0180000 - 0x00007ffea0192000 	C:\WINDOWS\SYSTEM32\kernel.appcore.dll
0x00007ffe9ddb0000 - 0x00007ffe9ddba000 	C:\Users\Aleka\.jdks\openjdk-17.0.2\bin\jimage.dll
0x00007ffe981f0000 - 0x00007ffe983d4000 	C:\WINDOWS\SYSTEM32\DBGHELP.DLL
0x00007ffe981c0000 - 0x00007ffe981ec000 	C:\WINDOWS\SYSTEM32\dbgcore.DLL
0x00007ffea2430000 - 0x00007ffea24b2000 	C:\WINDOWS\System32\bcryptPrimitives.dll
0x00007ffe9dd10000 - 0x00007ffe9dd1e000 	C:\Users\Aleka\.jdks\openjdk-17.0.2\bin\instrument.dll
0x00007ffe8d4c0000 - 0x00007ffe8d4e5000 	C:\Users\Aleka\.jdks\openjdk-17.0.2\bin\java.dll

dbghelp: loaded successfully - version: 4.0.5 - missing functions: none
symbol engine: initialized successfully - sym options: 0x614 - pdb path: .;C:\Users\Aleka\.jdks\openjdk-17.0.2\bin;C:\WINDOWS\SYSTEM32;C:\WINDOWS\WinSxS\amd64_microsoft.windows.common-controls_6595b64144ccf1df_6.0.19041.1110_none_60b5254171f9507e;C:\Users\Aleka\.jdks\openjdk-17.0.2\bin\server

VM Arguments:
jvm_args: -javaagent:C:\Program Files\JetBrains\IntelliJ IDEA Community Edition 2021.3.2\lib\idea_rt.jar=51580:C:\Program Files\JetBrains\IntelliJ IDEA Community Edition 2021.3.2\bin -Dfile.encoding=UTF-8 
java_command: Main
java_class_path (initial): C:\Users\Aleka\IdeaProjects\CaffeIITU\out\production\CaffeIITU
Launcher Type: SUN_STANDARD

[Global flags]
     intx CICompilerCount                          = 3                                         {product} {ergonomic}
     uint ConcGCThreads                            = 1                                         {product} {ergonomic}
     uint G1ConcRefinementThreads                  = 4                                         {product} {ergonomic}
   size_t G1HeapRegionSize                         = 1048576                                   {product} {ergonomic}
    uintx GCDrainStackTargetSize                   = 64                                        {product} {ergonomic}
   size_t InitialHeapSize                          = 125829120                                 {product} {ergonomic}
   size_t MarkStackSize                            = 4194304                                   {product} {ergonomic}
   size_t MaxHeapSize                              = 1998585856                                {product} {ergonomic}
   size_t MinHeapDeltaBytes                        = 1048576                                   {product} {ergonomic}
   size_t MinHeapSize                              = 8388608                                   {product} {ergonomic}
    uintx NonNMethodCodeHeapSize                   = 5832780                                {pd product} {ergonomic}
    uintx NonProfiledCodeHeapSize                  = 122912730                              {pd product} {ergonomic}
    uintx ProfiledCodeHeapSize                     = 122912730                              {pd product} {ergonomic}
    uintx ReservedCodeCacheSize                    = 251658240                              {pd product} {ergonomic}
     bool SegmentedCodeCache                       = true                                      {product} {ergonomic}
   size_t SoftMaxHeapSize                          = 1998585856                             {manageable} {ergonomic}
     bool UseCompressedClassPointers               = true                           {product lp64_product} {ergonomic}
     bool UseCompressedOops                        = true                           {product lp64_product} {ergonomic}
     bool UseG1GC                                  = true                                      {product} {ergonomic}
     bool UseLargePagesIndividualAllocation        = false                                  {pd product} {ergonomic}

Logging:
Log output configuration:
 #0: stdout all=warning uptime,level,tags
 #1: stderr all=off uptime,level,tags

Environment Variables:
PATH=C:\Program Files (x86)\Common Files\Oracle\Java\javapath;C:\WINDOWS\system32;C:\WINDOWS;C:\WINDOWS\System32\Wbem;C:\WINDOWS\System32\WindowsPowerShell\v1.0\;C:\WINDOWS\System32\OpenSSH\;C:\Program Files\dotnet\;C:\Program Files\Microsoft SQL Server\130\Tools\Binn\;C:\Program Files\Microsoft SQL Server\Client SDK\ODBC\170\Tools\Binn\;C:\Users\Aleka\AppData\Local\Programs\Python\Python310\Scripts\;C:\Users\Aleka\AppData\Local\Programs\Python\Python310\;C:\Users\Aleka\AppData\Local\Programs\Python\Python38\Scripts\;C:\Users\Aleka\AppData\Local\Programs\Python\Python38\;C:\Users\Aleka\AppData\Local\Microsoft\WindowsApps;C:\Users\Aleka\.dotnet\tools;C:\Users\Aleka\AppData\Local\atom\bin;C:\Program Files\JetBrains\IntelliJ IDEA Community Edition 2021.3.2\bin;
USERNAME=Aleka
OS=Windows_NT
PROCESSOR_IDENTIFIER=AMD64 Family 23 Model 24 Stepping 1, AuthenticAMD



---------------  S Y S T E M  ---------------

OS:
 Windows 10 , 64 bit Build 19041 (10.0.19041.1706)
OS uptime: 0 days 12:04 hours

CPU: total 4 (initial active 4) (4 cores per cpu, 2 threads per core) family 23 model 24 stepping 1 microcode 0x0, cx8, cmov, fxsr, ht, mmx, 3dnowpref, sse, sse2, sse3, ssse3, sse4a, sse4.1, sse4.2, popcnt, lzcnt, tsc, tscinvbit, avx, avx2, aes, clmul, bmi1, bmi2, adx, sha, fma, vzeroupper, clflush, clflushopt

Memory: 4k page, system-wide physical 7618M (1161M free)
TotalPageFile size 9666M (AvailPageFile size 52M)
current process WorkingSet (physical memory assigned to process): 10M, peak: 10M
current process commit charge ("private bytes"): 51M, peak: 171M

vm_info: OpenJDK 64-Bit Server VM (17.0.2+8-86) for windows-amd64 JRE (17.0.2+8-86), built on Dec  7 2021 21:49:10 by "mach5one" with MS VC++ 16.8 / 16.9 (VS2019)

END.
